Determining if the pthread_create exist failed with the following output:
Change Dir: /home/quentin/Documents/Brave/workspaceRos/build/CMakeFiles/CMakeTmp

Run Build Command:"/usr/bin/make" "cmTC_1d135/fast"
/usr/bin/make -f CMakeFiles/cmTC_1d135.dir/build.make CMakeFiles/cmTC_1d135.dir/build
make[1] : on entre dans le répertoire « /home/quentin/Documents/Brave/workspaceRos/build/CMakeFiles/CMakeTmp »
Building C object CMakeFiles/cmTC_1d135.dir/CheckSymbolExists.c.o
/usr/bin/cc    -o CMakeFiles/cmTC_1d135.dir/CheckSymbolExists.c.o   -c /home/quentin/Documents/Brave/workspaceRos/build/CMakeFiles/CMakeTmp/CheckSymbolExists.c
Linking C executable cmTC_1d135
/usr/bin/cmake -E cmake_link_script CMakeFiles/cmTC_1d135.dir/link.txt --verbose=1
/usr/bin/cc      -rdynamic CMakeFiles/cmTC_1d135.dir/CheckSymbolExists.c.o  -o cmTC_1d135 
CMakeFiles/cmTC_1d135.dir/CheckSymbolExists.c.o : Dans la fonction « main » :
CheckSymbolExists.c:(.text+0x1b) : référence indéfinie vers « pthread_create »
collect2: error: ld returned 1 exit status
CMakeFiles/cmTC_1d135.dir/build.make:97: recipe for target 'cmTC_1d135' failed
make[1]: *** [cmTC_1d135] Error 1
make[1] : on quitte le répertoire « /home/quentin/Documents/Brave/workspaceRos/build/CMakeFiles/CMakeTmp »
Makefile:126: recipe for target 'cmTC_1d135/fast' failed
make: *** [cmTC_1d135/fast] Error 2

File /home/quentin/Documents/Brave/workspaceRos/build/CMakeFiles/CMakeTmp/CheckSymbolExists.c:
/* */
#include <pthread.h>

int main(int argc, char** argv)
{
  (void)argv;
#ifndef pthread_create
  return ((int*)(&pthread_create))[argc];
#else
  (void)argc;
  return 0;
#endif
}

Determining if the function pthread_create exists in the pthreads failed with the following output:
Change Dir: /home/quentin/Documents/Brave/workspaceRos/build/CMakeFiles/CMakeTmp

Run Build Command:"/usr/bin/make" "cmTC_dd502/fast"
/usr/bin/make -f CMakeFiles/cmTC_dd502.dir/build.make CMakeFiles/cmTC_dd502.dir/build
make[1] : on entre dans le répertoire « /home/quentin/Documents/Brave/workspaceRos/build/CMakeFiles/CMakeTmp »
Building C object CMakeFiles/cmTC_dd502.dir/CheckFunctionExists.c.o
/usr/bin/cc   -DCHECK_FUNCTION_EXISTS=pthread_create   -o CMakeFiles/cmTC_dd502.dir/CheckFunctionExists.c.o   -c /usr/share/cmake-3.10/Modules/CheckFunctionExists.c
Linking C executable cmTC_dd502
/usr/bin/cmake -E cmake_link_script CMakeFiles/cmTC_dd502.dir/link.txt --verbose=1
/usr/bin/cc  -DCHECK_FUNCTION_EXISTS=pthread_create    -rdynamic CMakeFiles/cmTC_dd502.dir/CheckFunctionExists.c.o  -o cmTC_dd502 -lpthreads 
/usr/bin/ld : ne peut trouver -lpthreads
collect2: error: ld returned 1 exit status
CMakeFiles/cmTC_dd502.dir/build.make:97: recipe for target 'cmTC_dd502' failed
make[1]: *** [cmTC_dd502] Error 1
make[1] : on quitte le répertoire « /home/quentin/Documents/Brave/workspaceRos/build/CMakeFiles/CMakeTmp »
Makefile:126: recipe for target 'cmTC_dd502/fast' failed
make: *** [cmTC_dd502/fast] Error 2


